<?xml version="1.0" encoding="UTF-8"?>
<!-- Generated by org.testng.reporters.JUnitReportReporter -->
<testsuite hostname="LAPTOP-GSVU7D1C" failures="0" tests="1" name="reports.Script01" time="13.865" errors="0" timestamp="2024-05-24T17:54:40 IST" skipped="0">
  <testcase classname="reports.Script01" name="script01" time="13.865"/>
  <system-out/>
</testsuite> <!-- reports.Script01 -->
