<?xml version="1.0" encoding="UTF-8"?>
<!-- Generated by org.testng.reporters.JUnitReportReporter -->
<testsuite hostname="LAPTOP-GSVU7D1C" failures="0" tests="1" name="reports.LearningExtentReport" time="10.264" errors="0" timestamp="2024-05-24T17:38:07 IST" skipped="0">
  <testcase classname="reports.LearningExtentReport" name="script" time="10.264"/>
  <system-out/>
</testsuite> <!-- reports.LearningExtentReport -->
