<?xml version="1.0" encoding="UTF-8"?>
<!-- Generated by org.testng.reporters.JUnitReportReporter -->
<testsuite hostname="LAPTOP-GSVU7D1C" failures="0" tests="1" name="beauty.LaunchSugar_Test" time="5.633" errors="0" timestamp="2024-06-03T17:21:37 IST" skipped="0">
  <testcase classname="beauty.LaunchSugar_Test" name="sugar" time="5.633"/>
  <system-out/>
</testsuite> <!-- beauty.LaunchSugar_Test -->
