<?xml version="1.0" encoding="UTF-8"?>
<!-- Generated by org.testng.reporters.JUnitReportReporter -->
<testsuite hostname="LAPTOP-GSVU7D1C" failures="0" tests="1" name="ecom.LaunchDemoWebShop_Test" time="5.733" errors="0" timestamp="2024-06-03T17:21:37 IST" skipped="0">
  <testcase classname="ecom.LaunchDemoWebShop_Test" name="demoWebShop" time="5.733"/>
  <system-out/>
</testsuite> <!-- ecom.LaunchDemoWebShop_Test -->
