<?xml version="1.0" encoding="UTF-8"?>
<!-- Generated by org.testng.reporters.JUnitReportReporter -->
<testsuite hostname="LAPTOP-GSVU7D1C" failures="0" tests="1" name="food.LaunchKFC_Test" time="10.198" errors="0" timestamp="2024-05-22T16:26:05 IST" skipped="0">
  <testcase classname="food.LaunchKFC_Test" name="kfc" time="10.198"/>
  <system-out/>
</testsuite> <!-- food.LaunchKFC_Test -->
