<?xml version="1.0" encoding="UTF-8"?>
<!-- Generated by org.testng.reporters.JUnitReportReporter -->
<testsuite hostname="LAPTOP-GSVU7D1C" failures="0" tests="1" name="beauty.LaunchLoreal_Test" time="5.674" errors="0" timestamp="2024-05-22T16:39:15 IST" skipped="0">
  <testcase classname="beauty.LaunchLoreal_Test" name="loreal" time="5.674"/>
  <system-out/>
</testsuite> <!-- beauty.LaunchLoreal_Test -->
