<?xml version="1.0" encoding="UTF-8"?>
<!-- Generated by org.testng.reporters.JUnitReportReporter -->
<testsuite hostname="LAPTOP-GSVU7D1C" failures="0" tests="1" name="food.LaunchDominos_Test" time="11.946" errors="0" timestamp="2024-05-23T15:27:14 IST" skipped="0">
  <testcase classname="food.LaunchDominos_Test" name="dominos" time="11.946"/>
  <system-out/>
</testsuite> <!-- food.LaunchDominos_Test -->
