<?xml version="1.0" encoding="UTF-8"?>
<!-- Generated by org.testng.reporters.JUnitReportReporter -->
<testsuite hostname="LAPTOP-GSVU7D1C" failures="0" tests="1" name="ecom.Register_Test" time="6.333" errors="0" timestamp="2024-06-03T17:21:37 IST" skipped="0">
  <testcase classname="ecom.Register_Test" name="register" time="6.333"/>
  <system-out/>
</testsuite> <!-- ecom.Register_Test -->
