<?xml version="1.0" encoding="UTF-8"?>
<!-- Generated by org.testng.reporters.JUnitReportReporter -->
<testsuite hostname="LAPTOP-GSVU7D1C" failures="0" tests="1" name="beauty.LaunchSugar_Test" time="8.196" errors="0" timestamp="2024-05-22T16:39:15 IST" skipped="0">
  <testcase classname="beauty.LaunchSugar_Test" name="sugar" time="8.196"/>
  <system-out/>
</testsuite> <!-- beauty.LaunchSugar_Test -->
