<?xml version="1.0" encoding="UTF-8"?>
<!-- Generated by org.testng.reporters.JUnitReportReporter -->
<testsuite hostname="LAPTOP-GSVU7D1C" failures="0" tests="1" name="beauty.LaunchNykaa_Test" time="3.816" errors="0" timestamp="2024-06-03T17:21:37 IST" skipped="0">
  <testcase classname="beauty.LaunchNykaa_Test" name="nykaa" time="3.816"/>
  <system-out/>
</testsuite> <!-- beauty.LaunchNykaa_Test -->
