<?xml version="1.0" encoding="UTF-8"?>
<!-- Generated by org.testng.reporters.JUnitReportReporter -->
<testsuite hostname="LAPTOP-GSVU7D1C" failures="0" tests="1" name="food.LaunchPizzaHut_Test" time="9.864" errors="0" timestamp="2024-05-22T16:26:05 IST" skipped="0">
  <testcase classname="food.LaunchPizzaHut_Test" name="pizzaHut" time="9.864"/>
  <system-out/>
</testsuite> <!-- food.LaunchPizzaHut_Test -->
