<?xml version="1.0" encoding="UTF-8"?>
<!-- Generated by org.testng.reporters.JUnitReportReporter -->
<testsuite hostname="LAPTOP-GSVU7D1C" failures="0" tests="1" name="ecom.LaunchDemoWebShop_Test" time="4.616" errors="0" timestamp="2024-05-22T16:57:46 IST" skipped="0">
  <testcase classname="ecom.LaunchDemoWebShop_Test" name="demoWebShop" time="4.616"/>
  <system-out/>
</testsuite> <!-- ecom.LaunchDemoWebShop_Test -->
