<?xml version="1.0" encoding="UTF-8"?>
<!-- Generated by org.testng.reporters.JUnitReportReporter -->
<testsuite hostname="LAPTOP-GSVU7D1C" failures="0" tests="1" name="food.LaunchPizzaHut_Test" time="8.592" errors="0" timestamp="2024-06-03T17:21:37 IST" skipped="0">
  <testcase classname="food.LaunchPizzaHut_Test" name="pizzaHut" time="8.592"/>
  <system-out/>
</testsuite> <!-- food.LaunchPizzaHut_Test -->
